ts:2023-11-30T15:00:26+01:00 t:25.40 h:70 b:2.308
ts:2023-11-30T15:30:28+01:00 t:25.40 h:70 b:2.571
ts:2023-11-30T16:00:28+01:00 t:24.96 h:70 b:2.571
ts:2023-11-30T17:00:32+01:00 t:22.86 h:72 b:2.494
ts:2023-11-30T17:30:27+01:00 t:22.45 h:73 b:2.540
ts:2023-11-30T18:00:28+01:00 t:23.15 h:74 b:2.540
ts:2023-11-30T18:30:27+01:00 t:24.91 h:72 b:2.501
ts:2023-11-30T19:00:32+01:00 t:25.59 h:71 b:2.501
ts:2023-11-30T19:30:33+01:00 t:25.58 h:72 b:2.548
ts:2023-11-30T20:00:30+01:00 t:25.43 h:72 b:2.548
ts:2023-11-30T20:30:32+01:00 t:25.27 h:74 b:2.535
ts:2023-11-30T21:30:28+01:00 t:24.96 h:73 b:2.527
ts:2023-11-30T22:00:33+01:00 t:24.86 h:74 b:2.500
ts:2023-11-30T22:30:30+01:00 t:24.61 h:75 b:2.500
ts:2023-11-30T23:00:27+01:00 t:24.39 h:76 b:2.494
ts:2023-11-30T23:30:32+01:00 t:23.99 h:75 b:2.494
ts:2023-12-01T00:30:26+01:00 t:23.51 h:77 b:2.518
ts:2023-12-01T01:30:30+01:00 t:23.11 h:78 b:2.519
ts:2023-12-01T02:00:30+01:00 t:22.98 h:78 b:2.522
ts:2023-12-01T02:30:29+01:00 t:22.81 h:79 b:2.522
ts:2023-12-01T03:00:26+01:00 t:22.66 h:79 b:2.535
ts:2023-12-01T03:30:30+01:00 t:22.59 h:79 b:2.535
ts:2023-12-01T04:00:29+01:00 t:22.49 h:79 b:2.572
ts:2023-12-01T04:30:26+01:00 t:22.45 h:79 b:2.572
ts:2023-12-01T05:00:27+01:00 t:22.40 h:79 b:2.582
ts:2023-12-01T05:30:27+01:00 t:22.39 h:79 b:2.582
ts:2023-12-01T06:00:28+01:00 t:22.30 h:80 b:2.512
ts:2023-12-01T06:30:26+01:00 t:22.04 h:78 b:2.512
ts:2023-12-01T07:00:26+01:00 t:21.86 h:77 b:2.541
ts:2023-12-01T07:30:26+01:00 t:21.68 h:76 b:2.541
ts:2023-12-01T08:00:33+01:00 t:21.58 h:76 b:2.551
ts:2023-12-01T08:30:26+01:00 t:21.51 h:75 b:2.551
ts:2023-12-01T09:00:26+01:00 t:21.43 h:75 b:2.510
ts:2023-12-01T09:30:32+01:00 t:21.34 h:75 b:2.510
ts:2023-12-01T10:00:30+01:00 t:21.28 h:75 b:2.530
ts:2023-12-01T10:30:27+01:00 t:23.14 h:71 b:2.530
ts:2023-12-01T11:00:33+01:00 t:23.70 h:69 b:2.542
ts:2023-12-01T11:30:29+01:00 t:24.02 h:68 b:2.542
ts:2023-12-01T12:00:27+01:00 t:24.23 h:68 b:2.518
ts:2023-12-01T12:30:29+01:00 t:24.79 h:67 b:2.518
ts:2023-12-01T13:00:29+01:00 t:24.87 h:66 b:2.549
ts:2023-12-01T13:30:27+01:00 t:25.20 h:65 b:2.549
ts:2023-12-01T14:00:27+01:00 t:25.10 h:65 b:2.518
ts:2023-12-01T14:30:30+01:00 t:25.34 h:65 b:2.518
ts:2023-12-01T15:30:27+01:00 t:25.46 h:65 b:2.511
ts:2023-12-01T16:00:29+01:00 t:25.58 h:64 b:2.527
ts:2023-12-01T16:30:28+01:00 t:25.65 h:64 b:2.527
ts:2023-12-01T17:00:27+01:00 t:23.19 h:70 b:2.549
ts:2023-12-01T17:30:32+01:00 t:22.62 h:71 b:2.549
ts:2023-12-01T18:00:31+01:00 t:22.37 h:72 b:2.550
ts:2023-12-01T18:30:32+01:00 t:22.16 h:73 b:2.550
ts:2023-12-01T19:00:26+01:00 t:22.25 h:73 b:2.541
ts:2023-12-01T19:30:29+01:00 t:23.10 h:74 b:2.541
ts:2023-12-01T20:00:27+01:00 t:23.86 h:73 b:2.523
ts:2023-12-01T20:30:32+01:00 t:24.33 h:74 b:2.523
ts:2023-12-01T21:00:32+01:00 t:24.29 h:72 b:2.553
ts:2023-12-01T21:30:29+01:00 t:24.48 h:73 b:2.553
ts:2023-12-01T22:00:29+01:00 t:25.03 h:72 b:2.566
ts:2023-12-01T23:00:30+01:00 t:25.78 h:71 b:2.603
ts:2023-12-01T23:30:29+01:00 t:25.88 h:71 b:2.548
ts:2023-12-02T00:00:32+01:00 t:25.99 h:70 b:2.548
ts:2023-12-02T00:30:28+01:00 t:26.08 h:70 b:2.556
ts:2023-12-02T01:30:31+01:00 t:26.41 h:70 b:2.397
ts:2023-12-02T02:00:28+01:00 t:26.40 h:70 b:2.397
ts:2023-12-02T02:30:26+01:00 t:26.55 h:69 b:2.541
ts:2023-12-02T03:00:32+01:00 t:26.62 h:69 b:2.541
ts:2023-12-02T03:30:29+01:00 t:26.66 h:70 b:2.564
ts:2023-12-02T04:00:29+01:00 t:26.54 h:70 b:2.564
ts:2023-12-02T04:30:29+01:00 t:26.58 h:70 b:2.584
ts:2023-12-02T05:00:28+01:00 t:26.73 h:70 b:2.584
ts:2023-12-02T05:30:27+01:00 t:26.88 h:69 b:2.542
ts:2023-12-02T06:00:27+01:00 t:26.86 h:69 b:2.542
ts:2023-12-02T06:30:26+01:00 t:24.73 h:72 b:2.545
ts:2023-12-02T07:00:30+01:00 t:23.82 h:75 b:2.545
ts:2023-12-02T07:30:29+01:00 t:23.38 h:75 b:2.519
ts:2023-12-02T08:00:26+01:00 t:23.08 h:75 b:2.519
ts:2023-12-02T09:00:31+01:00 t:22.80 h:75 b:2.526
ts:2023-12-02T09:30:28+01:00 t:22.50 h:76 b:2.500
ts:2023-12-02T10:00:28+01:00 t:22.44 h:75 b:2.500
ts:2023-12-02T10:30:32+01:00 t:22.38 h:75 b:2.472
ts:2023-12-02T11:00:27+01:00 t:22.26 h:74 b:2.472
ts:2023-12-02T11:30:32+01:00 t:22.18 h:74 b:2.426
ts:2023-12-02T12:00:27+01:00 t:22.09 h:73 b:2.426
ts:2023-12-02T12:30:31+01:00 t:21.95 h:73 b:2.531
ts:2023-12-02T13:00:27+01:00 t:21.89 h:73 b:2.531
ts:2023-12-02T13:30:31+01:00 t:21.85 h:73 b:2.512
ts:2023-12-02T14:00:27+01:00 t:21.81 h:73 b:2.512
ts:2023-12-02T14:30:30+01:00 t:21.76 h:72 b:2.517
ts:2023-12-02T15:00:32+01:00 t:21.70 h:72 b:2.517
ts:2023-12-02T15:30:31+01:00 t:22.37 h:73 b:2.475
ts:2023-12-02T16:00:29+01:00 t:22.88 h:71 b:2.475
ts:2023-12-02T16:30:31+01:00 t:23.85 h:73 b:2.533
ts:2023-12-02T17:00:30+01:00 t:23.12 h:74 b:2.533
ts:2023-12-02T18:00:29+01:00 t:23.59 h:74 b:2.520
ts:2023-12-02T18:30:26+01:00 t:23.92 h:74 b:2.545
ts:2023-12-02T19:00:31+01:00 t:24.28 h:73 b:2.545
ts:2023-12-02T19:30:31+01:00 t:24.22 h:74 b:2.470
ts:2023-12-02T20:00:28+01:00 t:24.10 h:76 b:2.470
ts:2023-12-02T20:30:32+01:00 t:23.86 h:75 b:2.438
ts:2023-12-02T21:00:26+01:00 t:23.66 h:77 b:2.438
ts:2023-12-02T21:30:31+01:00 t:23.47 h:76 b:2.492
ts:2023-12-02T22:00:33+01:00 t:23.31 h:77 b:2.492
ts:2023-12-02T22:30:32+01:00 t:23.19 h:76 b:2.478
ts:2023-12-02T23:00:28+01:00 t:23.08 h:76 b:2.478
ts:2023-12-02T23:30:26+01:00 t:22.90 h:77 b:2.472
ts:2023-12-03T00:00:31+01:00 t:22.76 h:76 b:2.472
ts:2023-12-03T00:30:29+01:00 t:22.64 h:76 b:2.525
ts:2023-12-03T01:00:32+01:00 t:22.55 h:76 b:2.459
ts:2023-12-03T01:30:28+01:00 t:22.45 h:77 b:2.459
ts:2023-12-03T02:00:31+01:00 t:22.41 h:76 b:2.531
ts:2023-12-03T02:30:29+01:00 t:22.39 h:76 b:2.531
ts:2023-12-03T03:00:31+01:00 t:22.35 h:76 b:2.476
ts:2023-12-03T03:30:28+01:00 t:22.25 h:76 b:2.476
ts:2023-12-03T04:00:27+01:00 t:22.14 h:76 b:2.486
ts:2023-12-03T04:30:30+01:00 t:22.10 h:76 b:2.486
ts:2023-12-03T05:00:30+01:00 t:22.00 h:76 b:2.485
ts:2023-12-03T05:30:28+01:00 t:21.93 h:76 b:2.485
ts:2023-12-03T06:00:28+01:00 t:21.94 h:77 b:2.486
ts:2023-12-03T06:30:32+01:00 t:21.85 h:76 b:2.486
ts:2023-12-03T07:00:29+01:00 t:21.73 h:76 b:2.453
ts:2023-12-03T07:30:32+01:00 t:21.62 h:76 b:2.453
ts:2023-12-03T08:00:27+01:00 t:21.59 h:75 b:2.477
ts:2023-12-03T08:30:30+01:00 t:21.53 h:75 b:2.477
ts:2023-12-03T09:00:29+01:00 t:21.45 h:75 b:2.478
ts:2023-12-03T09:30:29+01:00 t:21.44 h:76 b:2.478
ts:2023-12-03T10:00:27+01:00 t:21.43 h:76 b:2.483
ts:2023-12-03T10:30:29+01:00 t:22.53 h:74 b:2.483
ts:2023-12-03T11:00:28+01:00 t:23.46 h:72 b:2.522
ts:2023-12-03T11:30:26+01:00 t:24.07 h:71 b:2.522
ts:2023-12-03T12:00:29+01:00 t:24.24 h:70 b:2.488
ts:2023-12-03T12:30:26+01:00 t:24.43 h:69 b:2.488
ts:2023-12-03T13:00:28+01:00 t:24.64 h:69 b:2.512
ts:2023-12-03T13:30:30+01:00 t:24.65 h:69 b:2.512
ts:2023-12-03T14:00:30+01:00 t:24.83 h:68 b:2.574
ts:2023-12-03T14:30:26+01:00 t:24.87 h:68 b:2.574
ts:2023-12-03T15:00:30+01:00 t:24.93 h:68 b:2.428
ts:2023-12-03T15:30:32+01:00 t:25.03 h:67 b:2.428
ts:2023-12-03T16:00:32+01:00 t:25.12 h:67 b:2.445
ts:2023-12-03T16:30:28+01:00 t:24.51 h:68 b:2.445
ts:2023-12-03T17:00:27+01:00 t:23.42 h:69 b:2.498
ts:2023-12-03T17:30:28+01:00 t:23.74 h:70 b:2.498
ts:2023-12-03T18:00:27+01:00 t:23.83 h:67 b:2.520
ts:2023-12-03T18:30:27+01:00 t:23.95 h:68 b:2.520
ts:2023-12-03T19:00:33+01:00 t:24.21 h:69 b:2.459
ts:2023-12-03T19:30:32+01:00 t:24.29 h:67 b:2.459
ts:2023-12-03T20:00:28+01:00 t:24.23 h:69 b:2.462
ts:2023-12-03T21:00:28+01:00 t:24.37 h:69 b:2.325
ts:2023-12-03T21:30:32+01:00 t:24.37 h:70 b:2.325
ts:2023-12-03T22:00:29+01:00 t:24.51 h:68 b:2.476
ts:2023-12-03T22:30:32+01:00 t:24.69 h:68 b:2.476
ts:2023-12-03T23:00:26+01:00 t:24.77 h:68 b:2.452
ts:2023-12-04T00:00:28+01:00 t:24.89 h:68 b:2.319
ts:2023-12-04T00:30:31+01:00 t:24.90 h:69 b:2.319
ts:2023-12-04T01:00:29+01:00 t:24.96 h:69 b:2.441
ts:2023-12-04T01:30:27+01:00 t:25.00 h:69 b:2.441
ts:2023-12-04T02:00:27+01:00 t:25.07 h:69 b:2.450
ts:2023-12-04T02:30:26+01:00 t:24.90 h:69 b:2.529
ts:2023-12-04T03:00:30+01:00 t:25.01 h:69 b:2.529
ts:2023-12-04T03:30:29+01:00 t:25.08 h:69 b:2.477
ts:2023-12-04T04:00:27+01:00 t:25.15 h:69 b:2.477
ts:2023-12-04T04:30:31+01:00 t:25.15 h:69 b:2.473
ts:2023-12-04T05:00:31+01:00 t:25.18 h:69 b:2.473
ts:2023-12-04T05:30:32+01:00 t:25.10 h:68 b:2.469
ts:2023-12-04T06:00:30+01:00 t:25.13 h:68 b:2.469
ts:2023-12-04T06:30:31+01:00 t:24.75 h:68 b:2.465
ts:2023-12-04T07:00:29+01:00 t:23.93 h:69 b:2.465
ts:2023-12-04T07:30:26+01:00 t:23.43 h:69 b:2.450
ts:2023-12-04T08:00:29+01:00 t:23.11 h:70 b:2.450
ts:2023-12-04T08:30:27+01:00 t:22.89 h:70 b:2.464
ts:2023-12-04T09:00:31+01:00 t:22.70 h:70 b:2.464
ts:2023-12-04T09:30:29+01:00 t:22.59 h:70 b:2.502
ts:2023-12-04T10:00:31+01:00 t:22.43 h:71 b:2.502
ts:2023-12-04T11:00:33+01:00 t:22.26 h:71 b:2.485
ts:2023-12-04T12:00:31+01:00 t:21.93 h:71 b:2.481
ts:2023-12-04T12:30:30+01:00 t:21.88 h:71 b:2.492
ts:2023-12-04T13:00:28+01:00 t:21.79 h:71 b:2.492
ts:2023-12-04T13:30:30+01:00 t:21.77 h:71 b:2.484
ts:2023-12-04T14:00:30+01:00 t:21.62 h:71 b:2.484
ts:2023-12-04T14:30:27+01:00 t:21.54 h:71 b:2.472
ts:2023-12-04T15:00:27+01:00 t:21.51 h:71 b:2.472
ts:2023-12-04T15:30:29+01:00 t:21.41 h:71 b:2.463
ts:2023-12-04T16:00:26+01:00 t:21.95 h:71 b:2.463
ts:2023-12-04T16:30:33+01:00 t:22.65 h:70 b:2.464
ts:2023-12-04T17:00:28+01:00 t:22.01 h:70 b:2.464
ts:2023-12-04T17:30:27+01:00 t:21.73 h:71 b:2.468
ts:2023-12-04T18:00:27+01:00 t:21.50 h:71 b:2.468
ts:2023-12-04T18:30:27+01:00 t:21.38 h:71 b:2.500
ts:2023-12-04T19:00:27+01:00 t:21.41 h:72 b:2.500
ts:2023-12-04T19:30:32+01:00 t:21.60 h:68 b:2.470
ts:2023-12-04T20:00:30+01:00 t:22.14 h:73 b:2.470
ts:2023-12-04T20:30:27+01:00 t:22.53 h:74 b:2.517
ts:2023-12-04T21:00:27+01:00 t:22.59 h:70 b:2.517
ts:2023-12-04T21:30:33+01:00 t:22.84 h:68 b:2.535
ts:2023-12-04T23:00:30+01:00 t:22.62 h:71 b:2.369
ts:2023-12-04T23:30:29+01:00 t:22.46 h:72 b:2.481
ts:2023-12-05T00:00:27+01:00 t:22.39 h:72 b:2.481
ts:2023-12-05T00:30:33+01:00 t:22.25 h:73 b:2.533
ts:2023-12-05T01:00:28+01:00 t:22.08 h:73 b:2.533
ts:2023-12-05T01:30:27+01:00 t:21.95 h:73 b:2.525
ts:2023-12-05T02:00:31+01:00 t:21.86 h:73 b:2.525
ts:2023-12-05T02:30:27+01:00 t:21.82 h:74 b:2.522
ts:2023-12-05T03:00:29+01:00 t:21.72 h:74 b:2.522
ts:2023-12-05T03:30:31+01:00 t:21.64 h:74 b:2.468
ts:2023-12-05T04:00:32+01:00 t:21.61 h:74 b:2.468
ts:2023-12-05T04:30:28+01:00 t:21.52 h:75 b:2.470
ts:2023-12-05T05:00:26+01:00 t:21.43 h:75 b:2.520
ts:2023-12-05T05:30:29+01:00 t:21.41 h:75 b:2.520
ts:2023-12-05T06:00:33+01:00 t:21.39 h:75 b:2.475
ts:2023-12-05T06:30:31+01:00 t:20.93 h:68 b:2.475
ts:2023-12-05T07:00:30+01:00 t:20.55 h:66 b:2.501
ts:2023-12-05T07:30:29+01:00 t:20.29 h:65 b:2.501
ts:2023-12-05T08:30:29+01:00 t:19.90 h:62 b:2.538
ts:2023-12-05T09:00:29+01:00 t:19.79 h:62 b:2.450
ts:2023-12-05T09:30:33+01:00 t:19.75 h:63 b:2.450
ts:2023-12-05T10:00:32+01:00 t:19.65 h:62 b:2.460
ts:2023-12-05T10:30:32+01:00 t:19.58 h:63 b:2.460
ts:2023-12-05T11:00:27+01:00 t:19.57 h:64 b:2.478
ts:2023-12-05T11:30:31+01:00 t:19.47 h:64 b:2.478
ts:2023-12-05T12:00:28+01:00 t:19.46 h:64 b:2.488
ts:2023-12-05T12:30:26+01:00 t:19.43 h:64 b:2.488
ts:2023-12-05T13:00:26+01:00 t:19.34 h:63 b:2.428
ts:2023-12-05T13:30:32+01:00 t:19.09 h:61 b:2.428
ts:2023-12-05T14:00:31+01:00 t:18.78 h:60 b:2.532
ts:2023-12-05T14:30:30+01:00 t:18.54 h:59 b:2.532
ts:2023-12-05T15:00:28+01:00 t:19.32 h:59 b:2.486
ts:2023-12-05T15:30:26+01:00 t:19.91 h:57 b:2.486
ts:2023-12-05T16:00:30+01:00 t:19.88 h:56 b:2.518
ts:2023-12-05T16:30:30+01:00 t:20.81 h:54 b:2.518
ts:2023-12-05T17:00:27+01:00 t:20.66 h:56 b:2.523
ts:2023-12-05T17:30:32+01:00 t:21.16 h:59 b:2.523
ts:2023-12-05T18:00:33+01:00 t:21.59 h:60 b:2.558
ts:2023-12-05T18:30:33+01:00 t:21.93 h:60 b:2.558
ts:2023-12-05T19:00:31+01:00 t:22.42 h:61 b:2.525
ts:2023-12-05T19:30:29+01:00 t:22.53 h:61 b:2.525
ts:2023-12-05T20:00:27+01:00 t:22.66 h:61 b:2.522
ts:2023-12-05T20:30:33+01:00 t:22.89 h:65 b:2.522
ts:2023-12-05T21:00:29+01:00 t:23.19 h:64 b:2.477
ts:2023-12-05T21:30:28+01:00 t:23.66 h:63 b:2.477
ts:2023-12-05T22:00:33+01:00 t:23.83 h:63 b:2.452
ts:2023-12-05T22:30:26+01:00 t:22.68 h:63 b:2.452
ts:2023-12-05T23:00:31+01:00 t:22.01 h:64 b:2.481
ts:2023-12-05T23:30:31+01:00 t:21.66 h:65 b:2.481
ts:2023-12-06T00:00:27+01:00 t:21.38 h:65 b:2.447
ts:2023-12-06T01:00:32+01:00 t:21.04 h:66 b:2.308
ts:2023-12-06T01:30:31+01:00 t:20.88 h:66 b:2.308
ts:2023-12-06T02:00:32+01:00 t:20.83 h:66 b:2.422
ts:2023-12-06T02:30:28+01:00 t:20.73 h:67 b:2.422
ts:2023-12-06T03:00:31+01:00 t:20.63 h:67 b:2.421
ts:2023-12-06T03:30:29+01:00 t:20.54 h:67 b:2.421
ts:2023-12-06T04:00:32+01:00 t:20.50 h:67 b:2.446
ts:2023-12-06T04:30:31+01:00 t:20.41 h:67 b:2.446
ts:2023-12-06T05:00:30+01:00 t:20.40 h:67 b:2.421
ts:2023-12-06T05:30:27+01:00 t:20.34 h:67 b:2.421
ts:2023-12-06T06:00:32+01:00 t:20.28 h:68 b:2.417
ts:2023-12-06T06:30:27+01:00 t:20.23 h:68 b:2.421
ts:2023-12-06T07:00:29+01:00 t:20.26 h:69 b:2.421
ts:2023-12-06T07:30:27+01:00 t:20.24 h:69 b:2.469
ts:2023-12-06T08:00:32+01:00 t:20.08 h:67 b:2.469
ts:2023-12-06T08:30:30+01:00 t:19.98 h:68 b:2.401
ts:2023-12-06T09:00:27+01:00 t:19.90 h:69 b:2.401
ts:2023-12-06T09:30:27+01:00 t:19.90 h:69 b:2.403
ts:2023-12-06T10:00:32+01:00 t:19.87 h:68 b:2.403
ts:2023-12-06T10:30:26+01:00 t:19.84 h:68 b:2.411
ts:2023-12-06T11:00:32+01:00 t:19.65 h:68 b:2.411
ts:2023-12-06T11:30:32+01:00 t:19.52 h:68 b:2.446
ts:2023-12-06T12:00:28+01:00 t:19.46 h:68 b:2.446
ts:2023-12-06T12:30:27+01:00 t:19.41 h:68 b:2.453
ts:2023-12-06T13:00:32+01:00 t:19.39 h:69 b:2.453
ts:2023-12-06T13:30:32+01:00 t:19.35 h:69 b:2.430
ts:2023-12-06T14:00:31+01:00 t:19.31 h:70 b:2.430
ts:2023-12-06T14:30:29+01:00 t:19.35 h:69 b:2.415
ts:2023-12-06T15:00:29+01:00 t:19.39 h:69 b:2.415
ts:2023-12-06T15:30:27+01:00 t:19.32 h:69 b:2.479
ts:2023-12-06T16:00:33+01:00 t:19.32 h:70 b:2.479
ts:2023-12-06T16:30:26+01:00 t:19.22 h:70 b:2.407
ts:2023-12-06T18:00:28+01:00 t:19.22 h:71 b:2.285
ts:2023-12-06T18:30:31+01:00 t:19.15 h:71 b:2.379
ts:2023-12-06T19:00:29+01:00 t:19.15 h:71 b:2.379
ts:2023-12-06T19:30:29+01:00 t:19.09 h:71 b:2.391
ts:2023-12-06T20:00:30+01:00 t:19.02 h:71 b:2.391
ts:2023-12-06T20:30:27+01:00 t:18.99 h:72 b:2.460
ts:2023-12-06T21:00:31+01:00 t:19.00 h:71 b:2.460
ts:2023-12-06T21:30:31+01:00 t:18.94 h:72 b:2.393
ts:2023-12-06T22:00:29+01:00 t:18.98 h:72 b:2.393
ts:2023-12-06T23:00:29+01:00 t:18.95 h:72 b:2.463
ts:2023-12-06T23:30:27+01:00 t:18.89 h:72 b:2.374
ts:2023-12-07T00:00:26+01:00 t:18.88 h:72 b:2.374
ts:2023-12-07T00:30:30+01:00 t:18.86 h:72 b:2.386
ts:2023-12-07T01:00:30+01:00 t:18.84 h:72 b:2.386
ts:2023-12-07T01:30:25+01:00 t:18.83 h:72 b:2.414
ts:2023-12-07T02:00:33+01:00 t:18.82 h:72 b:2.414
ts:2023-12-07T02:30:32+01:00 t:18.81 h:72 b:2.392
ts:2023-12-07T03:00:29+01:00 t:18.75 h:72 b:2.392
ts:2023-12-07T03:30:28+01:00 t:18.77 h:72 b:2.425
ts:2023-12-07T04:00:29+01:00 t:18.72 h:72 b:2.425
ts:2023-12-07T04:30:27+01:00 t:18.69 h:72 b:2.405
ts:2023-12-07T05:00:33+01:00 t:18.66 h:72 b:2.405
ts:2023-12-07T05:30:33+01:00 t:18.63 h:72 b:2.468
ts:2023-12-07T06:00:31+01:00 t:18.62 h:72 b:2.468
ts:2023-12-07T06:30:32+01:00 t:18.62 h:73 b:2.465
ts:2023-12-07T07:00:32+01:00 t:18.58 h:73 b:2.465
ts:2023-12-07T07:30:32+01:00 t:18.53 h:73 b:2.395
ts:2023-12-07T08:00:33+01:00 t:18.50 h:73 b:2.392
ts:2023-12-07T08:30:30+01:00 t:18.51 h:73 b:2.392
ts:2023-12-07T09:00:29+01:00 t:18.52 h:73 b:2.459
ts:2023-12-07T09:30:33+01:00 t:18.52 h:73 b:2.459
ts:2023-12-07T10:30:31+01:00 t:18.60 h:73 b:2.387
ts:2023-12-07T11:00:27+01:00 t:18.52 h:73 b:2.403
ts:2023-12-07T11:30:29+01:00 t:18.46 h:73 b:2.403
ts:2023-12-07T12:00:33+01:00 t:18.50 h:73 b:2.406
ts:2023-12-07T12:30:32+01:00 t:18.46 h:73 b:2.406
ts:2023-12-07T13:00:30+01:00 t:18.45 h:73 b:2.405
ts:2023-12-07T13:30:30+01:00 t:18.45 h:73 b:2.405
ts:2023-12-07T14:00:29+01:00 t:18.44 h:73 b:2.408
ts:2023-12-07T14:30:30+01:00 t:18.40 h:73 b:2.408
ts:2023-12-07T15:00:26+01:00 t:18.44 h:73 b:2.406
ts:2023-12-07T15:30:32+01:00 t:18.39 h:73 b:2.406
ts:2023-12-07T16:00:28+01:00 t:18.38 h:73 b:2.402
ts:2023-12-07T16:30:26+01:00 t:18.36 h:73 b:2.402
ts:2023-12-07T17:00:30+01:00 t:18.36 h:73 b:2.374
ts:2023-12-07T17:30:33+01:00 t:18.33 h:73 b:2.374
ts:2023-12-07T18:00:26+01:00 t:18.28 h:73 b:2.377
ts:2023-12-07T19:00:31+01:00 t:18.28 h:73 b:2.390
ts:2023-12-07T19:30:29+01:00 t:18.23 h:73 b:2.432
ts:2023-12-07T20:00:26+01:00 t:18.17 h:73 b:2.374
ts:2023-12-07T20:30:33+01:00 t:18.18 h:73 b:2.374
ts:2023-12-07T21:00:25+01:00 t:18.14 h:73 b:2.471
ts:2023-12-07T21:30:31+01:00 t:18.14 h:73 b:2.471
ts:2023-12-07T22:00:28+01:00 t:18.12 h:73 b:2.399
ts:2023-12-07T23:00:31+01:00 t:18.14 h:73 b:2.385
ts:2023-12-07T23:30:26+01:00 t:18.03 h:73 b:2.352
ts:2023-12-08T00:00:29+01:00 t:18.03 h:73 b:2.362
ts:2023-12-08T00:30:29+01:00 t:18.02 h:73 b:2.362
ts:2023-12-08T01:00:29+01:00 t:18.01 h:73 b:2.387
ts:2023-12-08T01:30:27+01:00 t:17.94 h:73 b:2.387
ts:2023-12-08T02:00:30+01:00 t:17.98 h:73 b:2.437
ts:2023-12-08T02:30:28+01:00 t:17.93 h:73 b:2.437
ts:2023-12-08T03:00:32+01:00 t:17.92 h:73 b:2.387
ts:2023-12-08T03:30:32+01:00 t:17.91 h:73 b:2.387
ts:2023-12-08T04:00:30+01:00 t:17.91 h:73 b:2.346
ts:2023-12-08T04:30:27+01:00 t:17.89 h:73 b:2.346
ts:2023-12-08T05:00:31+01:00 t:17.88 h:73 b:2.353
ts:2023-12-08T05:30:26+01:00 t:17.87 h:73 b:2.353
ts:2023-12-08T06:00:31+01:00 t:17.86 h:73 b:2.363
ts:2023-12-08T06:30:27+01:00 t:17.83 h:73 b:2.363
ts:2023-12-08T07:00:31+01:00 t:17.84 h:73 b:2.446
ts:2023-12-08T07:30:32+01:00 t:17.84 h:73 b:2.446
ts:2023-12-08T08:00:29+01:00 t:17.82 h:73 b:2.374
ts:2023-12-08T08:30:26+01:00 t:17.80 h:73 b:2.374
ts:2023-12-08T09:00:30+01:00 t:17.73 h:74 b:2.442
ts:2023-12-08T09:30:30+01:00 t:17.74 h:74 b:2.442
ts:2023-12-08T10:00:25+01:00 t:17.76 h:74 b:2.364
ts:2023-12-08T10:30:30+01:00 t:17.74 h:74 b:2.364
ts:2023-12-08T11:00:32+01:00 t:17.73 h:74 b:2.364
ts:2023-12-08T11:30:28+01:00 t:17.73 h:74 b:2.364
ts:2023-12-08T12:30:32+01:00 t:17.73 h:74 b:2.384
ts:2023-12-08T13:00:29+01:00 t:17.74 h:74 b:2.351
ts:2023-12-08T13:30:29+01:00 t:17.74 h:74 b:2.351
ts:2023-12-08T14:00:27+01:00 t:17.71 h:74 b:2.385
ts:2023-12-08T14:30:30+01:00 t:17.70 h:74 b:2.385
ts:2023-12-08T15:00:29+01:00 t:17.68 h:74 b:2.385
ts:2023-12-08T15:30:28+01:00 t:17.70 h:74 b:2.385
ts:2023-12-08T16:00:28+01:00 t:17.69 h:74 b:2.356
ts:2023-12-08T16:30:32+01:00 t:17.66 h:74 b:2.356
ts:2023-12-08T17:00:32+01:00 t:17.63 h:74 b:2.361
ts:2023-12-08T17:30:32+01:00 t:17.65 h:75 b:2.361
ts:2023-12-08T18:00:33+01:00 t:17.65 h:74 b:2.360
ts:2023-12-08T18:30:32+01:00 t:17.61 h:75 b:2.360
ts:2023-12-08T19:00:33+01:00 t:17.58 h:75 b:2.387
ts:2023-12-08T19:30:29+01:00 t:17.58 h:75 b:2.387
ts:2023-12-08T20:00:27+01:00 t:17.57 h:75 b:2.390
ts:2023-12-08T20:30:29+01:00 t:17.57 h:75 b:2.390
ts:2023-12-08T21:00:30+01:00 t:17.57 h:75 b:2.363
ts:2023-12-08T21:30:28+01:00 t:17.53 h:75 b:2.363
ts:2023-12-08T22:00:32+01:00 t:17.56 h:75 b:2.366
ts:2023-12-08T22:30:30+01:00 t:17.52 h:75 b:2.366
ts:2023-12-08T23:00:27+01:00 t:17.52 h:75 b:2.366
ts:2023-12-08T23:30:29+01:00 t:17.52 h:75 b:2.366
ts:2023-12-09T00:00:27+01:00 t:17.50 h:75 b:2.392
ts:2023-12-09T00:30:31+01:00 t:17.47 h:75 b:2.371
ts:2023-12-09T01:00:32+01:00 t:17.46 h:75 b:2.371
ts:2023-12-09T01:30:26+01:00 t:17.47 h:75 b:2.444
ts:2023-12-09T02:00:32+01:00 t:17.46 h:75 b:2.444
ts:2023-12-09T02:30:28+01:00 t:17.43 h:75 b:2.380
ts:2023-12-09T03:30:27+01:00 t:17.46 h:75 b:2.245
ts:2023-12-09T04:00:31+01:00 t:17.41 h:75 b:2.389
ts:2023-12-09T04:30:30+01:00 t:17.40 h:75 b:2.391
ts:2023-12-09T05:00:31+01:00 t:17.40 h:75 b:2.391
ts:2023-12-09T05:30:31+01:00 t:17.38 h:75 b:2.399
ts:2023-12-09T06:00:27+01:00 t:17.38 h:75 b:2.399
ts:2023-12-09T06:30:26+01:00 t:17.37 h:75 b:2.401
ts:2023-12-09T07:00:25+01:00 t:17.37 h:75 b:2.401
ts:2023-12-09T07:30:29+01:00 t:17.36 h:75 b:2.448
ts:2023-12-09T08:00:27+01:00 t:17.34 h:75 b:2.448
ts:2023-12-09T08:30:27+01:00 t:17.35 h:75 b:2.379
ts:2023-12-09T09:00:26+01:00 t:17.34 h:75 b:2.379
ts:2023-12-09T09:30:31+01:00 t:17.34 h:75 b:2.377
ts:2023-12-09T10:00:28+01:00 t:17.32 h:75 b:2.377
ts:2023-12-09T10:30:29+01:00 t:17.35 h:75 b:2.370
ts:2023-12-09T11:00:26+01:00 t:17.37 h:75 b:2.370
ts:2023-12-09T11:30:29+01:00 t:17.33 h:75 b:2.366
ts:2023-12-09T12:00:29+01:00 t:17.33 h:75 b:2.366
ts:2023-12-09T12:30:28+01:00 t:17.31 h:75 b:2.368
ts:2023-12-09T13:00:27+01:00 t:17.31 h:75 b:2.368
ts:2023-12-09T13:30:26+01:00 t:17.30 h:75 b:2.369
ts:2023-12-09T14:00:27+01:00 t:17.30 h:75 b:2.369
ts:2023-12-09T14:30:32+01:00 t:17.30 h:75 b:2.366
ts:2023-12-09T15:00:22+01:00 t:17.30 h:75 b:2.366
ts:2023-12-09T15:30:32+01:00 t:17.28 h:75 b:2.370
ts:2023-12-09T16:00:29+01:00 t:17.25 h:75 b:2.370
ts:2023-12-09T17:00:31+01:00 t:17.22 h:75 b:2.441
ts:2023-12-09T17:30:30+01:00 t:17.18 h:75 b:2.363
ts:2023-12-09T18:00:28+01:00 t:17.18 h:75 b:2.363
ts:2023-12-09T18:30:31+01:00 t:17.19 h:75 b:2.363
ts:2023-12-09T19:00:28+01:00 t:17.16 h:75 b:2.363
ts:2023-12-09T19:30:27+01:00 t:17.17 h:75 b:2.358
ts:2023-12-09T20:00:31+01:00 t:17.15 h:75 b:2.358
ts:2023-12-09T20:30:29+01:00 t:17.15 h:75 b:2.353
ts:2023-12-09T21:00:29+01:00 t:17.13 h:75 b:2.353
ts:2023-12-09T21:30:28+01:00 t:17.13 h:75 b:2.344
ts:2023-12-09T22:00:26+01:00 t:17.14 h:75 b:2.344
ts:2023-12-09T22:30:31+01:00 t:17.11 h:75 b:2.351
ts:2023-12-09T23:00:27+01:00 t:17.11 h:76 b:2.351
ts:2023-12-09T23:30:32+01:00 t:17.11 h:76 b:2.355
ts:2023-12-10T00:00:32+01:00 t:17.10 h:76 b:2.355
ts:2023-12-10T00:30:32+01:00 t:17.14 h:76 b:2.366
ts:2023-12-10T01:30:32+01:00 t:17.12 h:75 b:2.379
ts:2023-12-10T02:00:28+01:00 t:17.08 h:76 b:2.346
ts:2023-12-10T02:30:28+01:00 t:17.09 h:76 b:2.360
ts:2023-12-10T03:00:25+01:00 t:17.04 h:76 b:2.360
ts:2023-12-10T03:30:24+01:00 t:17.08 h:76 b:2.385
ts:2023-12-10T04:00:20+01:00 t:17.06 h:76 b:2.385
ts:2023-12-10T04:30:28+01:00 t:17.06 h:76 b:2.434
ts:2023-12-10T05:00:26+01:00 t:17.14 h:75 b:2.434
ts:2023-12-10T05:30:28+01:00 t:17.08 h:76 b:2.386
ts:2023-12-10T06:00:29+01:00 t:17.07 h:76 b:2.386
ts:2023-12-10T06:30:28+01:00 t:17.10 h:75 b:2.356
ts:2023-12-10T07:00:25+01:00 t:17.08 h:76 b:2.356
ts:2023-12-10T07:30:29+01:00 t:17.07 h:76 b:2.359
ts:2023-12-10T08:00:27+01:00 t:17.04 h:75 b:2.359
ts:2023-12-10T08:30:25+01:00 t:17.02 h:76 b:2.434
ts:2023-12-10T09:00:29+01:00 t:17.04 h:76 b:2.434
ts:2023-12-10T09:30:27+01:00 t:17.04 h:76 b:2.360
ts:2023-12-10T10:00:23+01:00 t:17.03 h:76 b:2.360
ts:2023-12-10T10:30:20+01:00 t:17.08 h:76 b:2.361
ts:2023-12-10T11:30:15+01:00 t:17.06 h:76 b:2.390
ts:2023-12-10T12:00:25+01:00 t:17.06 h:76 b:2.390
ts:2023-12-10T12:30:28+01:00 t:17.04 h:76 b:2.362
ts:2023-12-10T13:00:26+01:00 t:17.06 h:76 b:2.362
ts:2023-12-10T13:30:13+01:00 t:17.06 h:76 b:2.362
ts:2023-12-10T14:00:28+01:00 t:17.03 h:76 b:2.362
ts:2023-12-10T14:30:17+01:00 t:16.92 h:76 b:2.359
ts:2023-12-10T15:00:27+01:00 t:16.91 h:76 b:2.359
ts:2023-12-10T15:30:23+01:00 t:16.91 h:76 b:2.361
ts:2023-12-10T16:00:28+01:00 t:16.91 h:76 b:2.361
ts:2023-12-10T16:30:20+01:00 t:16.91 h:76 b:2.360
ts:2023-12-10T17:00:27+01:00 t:16.92 h:76 b:2.360
ts:2023-12-10T17:30:29+01:00 t:16.90 h:76 b:2.361
ts:2023-12-10T18:00:22+01:00 t:16.91 h:76 b:2.361
ts:2023-12-10T18:30:24+01:00 t:16.89 h:76 b:2.361
ts:2023-12-10T19:00:27+01:00 t:16.88 h:76 b:2.361
ts:2023-12-10T19:30:31+01:00 t:16.88 h:76 b:2.361
ts:2023-12-10T20:00:22+01:00 t:16.85 h:76 b:2.361
ts:2023-12-10T20:30:25+01:00 t:16.82 h:76 b:2.361
ts:2023-12-10T21:00:22+01:00 t:16.84 h:76 b:2.361
ts:2023-12-10T21:30:24+01:00 t:16.83 h:76 b:2.359
ts:2023-12-10T22:00:20+01:00 t:16.85 h:76 b:2.359
ts:2023-12-10T22:30:25+01:00 t:16.81 h:76 b:2.362
ts:2023-12-10T23:00:29+01:00 t:16.83 h:76 b:2.362
ts:2023-12-11T00:00:26+01:00 t:16.83 h:76 b:2.390
ts:2023-12-11T00:30:20+01:00 t:16.76 h:76 b:2.336
ts:2023-12-11T01:00:23+01:00 t:16.78 h:76 b:2.336
ts:2023-12-11T01:30:29+01:00 t:16.73 h:76 b:2.367
ts:2023-12-11T02:00:33+01:00 t:16.72 h:76 b:2.367
ts:2023-12-11T02:30:31+01:00 t:16.70 h:76 b:2.360
ts:2023-12-11T03:00:30+01:00 t:16.70 h:76 b:2.362
ts:2023-12-11T03:30:16+01:00 t:16.71 h:76 b:2.362
ts:2023-12-11T04:00:28+01:00 t:16.73 h:76 b:2.386
ts:2023-12-11T04:30:28+01:00 t:16.71 h:76 b:2.386
ts:2023-12-11T05:00:27+01:00 t:16.67 h:76 b:2.362
ts:2023-12-11T05:30:26+01:00 t:16.69 h:76 b:2.362
ts:2023-12-11T06:00:31+01:00 t:16.68 h:76 b:2.360
ts:2023-12-11T06:30:28+01:00 t:16.67 h:76 b:2.360
ts:2023-12-11T07:30:22+01:00 t:16.65 h:76 b:2.364
ts:2023-12-11T08:00:15+01:00 t:16.63 h:76 b:2.364
ts:2023-12-11T08:30:23+01:00 t:16.64 h:76 b:2.364
ts:2023-12-11T09:30:27+01:00 t:16.67 h:76 b:2.433
ts:2023-12-11T11:00:18+01:00 t:16.69 h:76 b:2.353
ts:2023-12-11T11:30:25+01:00 t:16.67 h:76 b:2.353
ts:2023-12-11T12:00:30+01:00 t:16.67 h:76 b:2.356
ts:2023-12-11T12:30:27+01:00 t:16.69 h:77 b:2.356
ts:2023-12-11T13:00:28+01:00 t:16.68 h:77 b:2.362
ts:2023-12-11T13:30:25+01:00 t:16.67 h:77 b:2.362
ts:2023-12-11T14:00:28+01:00 t:16.65 h:77 b:2.386
ts:2023-12-11T15:00:30+01:00 t:16.69 h:76 b:2.376
ts:2023-12-11T16:00:23+01:00 t:16.70 h:77 b:2.375
ts:2023-12-11T16:30:23+01:00 t:16.63 h:77 b:2.320
ts:2023-12-11T17:00:31+01:00 t:16.64 h:77 b:2.331
ts:2023-12-11T17:30:22+01:00 t:16.63 h:77 b:2.331
ts:2023-12-11T18:00:32+01:00 t:16.65 h:77 b:2.337
ts:2023-12-11T18:30:24+01:00 t:16.64 h:77 b:2.337
ts:2023-12-11T19:00:23+01:00 t:16.64 h:77 b:2.333
ts:2023-12-11T19:30:22+01:00 t:16.61 h:77 b:2.333
ts:2023-12-11T20:00:27+01:00 t:16.62 h:77 b:2.336
ts:2023-12-11T21:00:33+01:00 t:16.65 h:77 b:2.380
ts:2023-12-11T21:30:26+01:00 t:16.61 h:77 b:2.315
ts:2023-12-11T22:30:25+01:00 t:16.65 h:77 b:2.355
ts:2023-12-11T23:00:28+01:00 t:16.59 h:77 b:2.308
ts:2023-12-11T23:30:24+01:00 t:16.57 h:77 b:2.317
ts:2023-12-12T00:00:22+01:00 t:16.58 h:77 b:2.317
ts:2023-12-12T00:30:18+01:00 t:16.58 h:77 b:2.317
ts:2023-12-12T01:00:21+01:00 t:16.59 h:77 b:2.317
ts:2023-12-12T01:30:25+01:00 t:16.55 h:77 b:2.315
ts:2023-12-12T02:00:22+01:00 t:16.56 h:77 b:2.315
ts:2023-12-12T02:30:29+01:00 t:16.60 h:77 b:2.316
ts:2023-12-12T03:00:28+01:00 t:16.59 h:77 b:2.316
ts:2023-12-12T03:30:22+01:00 t:16.60 h:77 b:2.356
ts:2023-12-12T04:00:18+01:00 t:16.57 h:77 b:2.356
ts:2023-12-12T04:30:22+01:00 t:16.55 h:77 b:2.356
ts:2023-12-12T05:00:27+01:00 t:16.55 h:77 b:2.356
ts:2023-12-12T05:30:24+01:00 t:16.58 h:77 b:2.319
ts:2023-12-12T06:00:24+01:00 t:16.60 h:77 b:2.319
ts:2023-12-12T06:30:29+01:00 t:16.54 h:77 b:2.351
ts:2023-12-12T07:00:27+01:00 t:16.58 h:77 b:2.351
ts:2023-12-12T07:30:22+01:00 t:16.56 h:77 b:2.314
ts:2023-12-12T08:00:16+01:00 t:16.56 h:77 b:2.314
ts:2023-12-12T08:30:26+01:00 t:16.56 h:77 b:2.314
ts:2023-12-12T09:30:21+01:00 t:16.55 h:77 b:2.315
ts:2023-12-12T10:00:25+01:00 t:16.55 h:77 b:2.315
ts:2023-12-12T10:30:23+01:00 t:16.55 h:77 b:2.316
ts:2023-12-12T11:30:25+01:00 t:16.57 h:77 b:2.313
ts:2023-12-12T12:00:28+01:00 t:16.53 h:77 b:2.313
ts:2023-12-12T12:30:23+01:00 t:16.59 h:77 b:2.313
ts:2023-12-12T13:00:30+01:00 t:16.57 h:77 b:2.313
ts:2023-12-12T13:30:21+01:00 t:16.55 h:77 b:2.341
ts:2023-12-12T14:00:32+01:00 t:16.59 h:77 b:2.341
ts:2023-12-12T14:30:23+01:00 t:16.59 h:77 b:2.398
ts:2023-12-12T15:00:27+01:00 t:16.55 h:77 b:2.398
ts:2023-12-12T15:30:22+01:00 t:16.57 h:78 b:2.402
ts:2023-12-12T16:00:28+01:00 t:16.57 h:78 b:2.402
ts:2023-12-12T16:30:28+01:00 t:16.53 h:78 b:2.315
ts:2023-12-12T17:00:14+01:00 t:16.55 h:78 b:2.315
ts:2023-12-12T17:30:25+01:00 t:16.55 h:78 b:2.351
ts:2023-12-12T18:00:26+01:00 t:16.55 h:78 b:2.351
ts:2023-12-12T18:30:24+01:00 t:16.54 h:78 b:2.350
ts:2023-12-12T19:00:23+01:00 t:16.53 h:78 b:2.350
ts:2023-12-12T19:30:29+01:00 t:16.54 h:78 b:2.313
ts:2023-12-12T20:00:28+01:00 t:16.53 h:78 b:2.313
ts:2023-12-12T21:00:28+01:00 t:16.52 h:78 b:2.313
ts:2023-12-12T21:30:25+01:00 t:16.53 h:78 b:2.312
ts:2023-12-12T22:00:32+01:00 t:16.53 h:78 b:2.312
ts:2023-12-12T22:30:24+01:00 t:16.51 h:78 b:2.307
ts:2023-12-12T23:00:26+01:00 t:16.52 h:78 b:2.307
ts:2023-12-12T23:30:29+01:00 t:16.53 h:78 b:2.305
ts:2023-12-13T00:00:28+01:00 t:16.55 h:78 b:2.305
ts:2023-12-13T00:30:31+01:00 t:16.52 h:78 b:2.397
ts:2023-12-13T01:00:24+01:00 t:16.51 h:78 b:2.397
ts:2023-12-13T01:30:21+01:00 t:16.51 h:78 b:2.308
ts:2023-12-13T02:00:28+01:00 t:16.53 h:78 b:2.308
ts:2023-12-13T02:30:33+01:00 t:16.51 h:78 b:2.312
ts:2023-12-13T03:00:25+01:00 t:16.53 h:78 b:2.312
ts:2023-12-13T03:30:29+01:00 t:16.51 h:78 b:2.312
ts:2023-12-13T04:00:18+01:00 t:16.49 h:78 b:2.312
ts:2023-12-13T04:30:24+01:00 t:16.51 h:78 b:2.347
ts:2023-12-13T05:00:29+01:00 t:16.53 h:78 b:2.347
ts:2023-12-13T05:30:31+01:00 t:16.51 h:78 b:2.307
ts:2023-12-13T06:00:15+01:00 t:16.55 h:78 b:2.307
ts:2023-12-13T07:00:25+01:00 t:16.52 h:78 b:2.399
ts:2023-12-13T08:00:22+01:00 t:16.57 h:78 b:2.376
ts:2023-12-13T08:30:21+01:00 t:16.53 h:78 b:2.290
ts:2023-12-13T09:00:31+01:00 t:16.53 h:78 b:2.297
ts:2023-12-13T09:30:26+01:00 t:16.54 h:78 b:2.297
ts:2023-12-13T10:00:30+01:00 t:16.52 h:78 b:2.300
ts:2023-12-13T10:30:17+01:00 t:16.55 h:78 b:2.300
ts:2023-12-13T11:00:26+01:00 t:16.58 h:78 b:2.301
ts:2023-12-13T11:30:30+01:00 t:16.54 h:78 b:2.301
ts:2023-12-13T12:00:23+01:00 t:16.55 h:78 b:2.298
ts:2023-12-13T12:30:28+01:00 t:16.53 h:78 b:2.298
ts:2023-12-13T13:00:28+01:00 t:16.56 h:78 b:2.298
ts:2023-12-13T13:30:31+01:00 t:16.48 h:78 b:2.298
ts:2023-12-13T14:00:23+01:00 t:16.56 h:78 b:2.298
ts:2023-12-13T14:30:19+01:00 t:16.56 h:78 b:2.298
ts:2023-12-13T15:00:24+01:00 t:16.55 h:78 b:2.390
ts:2023-12-13T15:30:29+01:00 t:16.59 h:78 b:2.390
ts:2023-12-13T16:00:27+01:00 t:16.57 h:78 b:2.325
ts:2023-12-13T16:30:26+01:00 t:16.56 h:78 b:2.325
ts:2023-12-13T17:00:27+01:00 t:16.57 h:78 b:2.351
ts:2023-12-13T17:30:26+01:00 t:16.54 h:78 b:2.351
ts:2023-12-13T18:00:30+01:00 t:16.53 h:78 b:2.299
ts:2023-12-13T18:30:26+01:00 t:16.53 h:78 b:2.299
ts:2023-12-13T19:30:21+01:00 t:16.61 h:78 b:2.377
ts:2023-12-13T20:00:26+01:00 t:16.57 h:78 b:2.281
ts:2023-12-13T20:30:29+01:00 t:16.54 h:78 b:2.288
ts:2023-12-13T21:00:27+01:00 t:16.55 h:78 b:2.288
ts:2023-12-13T21:30:26+01:00 t:16.56 h:78 b:2.288
ts:2023-12-13T22:00:23+01:00 t:16.51 h:78 b:2.288
ts:2023-12-13T22:30:26+01:00 t:16.53 h:78 b:2.291
ts:2023-12-13T23:30:27+01:00 t:16.59 h:78 b:2.385
ts:2023-12-14T00:00:24+01:00 t:16.57 h:78 b:2.269
ts:2023-12-14T01:00:21+01:00 t:16.61 h:78 b:2.372
ts:2023-12-14T01:30:26+01:00 t:16.52 h:78 b:2.261
ts:2023-12-14T02:00:22+01:00 t:16.49 h:78 b:2.267
ts:2023-12-14T02:30:25+01:00 t:16.49 h:78 b:2.267
ts:2023-12-14T03:00:29+01:00 t:16.52 h:78 b:2.302
ts:2023-12-14T03:30:24+01:00 t:16.53 h:78 b:2.302
ts:2023-12-14T04:00:27+01:00 t:16.49 h:78 b:2.364
ts:2023-12-14T04:30:25+01:00 t:16.53 h:78 b:2.364
ts:2023-12-14T05:00:28+01:00 t:16.54 h:78 b:2.276
ts:2023-12-14T05:30:25+01:00 t:16.51 h:78 b:2.276
ts:2023-12-14T06:00:24+01:00 t:16.53 h:78 b:2.275
ts:2023-12-14T06:30:30+01:00 t:16.49 h:78 b:2.275
ts:2023-12-14T07:00:31+01:00 t:16.49 h:78 b:2.276
ts:2023-12-14T07:30:20+01:00 t:16.47 h:78 b:2.276
ts:2023-12-14T08:00:26+01:00 t:16.45 h:78 b:2.271
ts:2023-12-14T08:30:30+01:00 t:16.48 h:78 b:2.271
ts:2023-12-14T09:00:30+01:00 t:16.48 h:78 b:2.367
ts:2023-12-14T09:30:24+01:00 t:16.49 h:78 b:2.367
ts:2023-12-14T11:00:22+01:00 t:16.56 h:78 b:2.377
ts:2023-12-14T11:30:32+01:00 t:16.56 h:78 b:2.257
ts:2023-12-14T12:00:27+01:00 t:16.54 h:78 b:2.266
ts:2023-12-14T12:30:25+01:00 t:16.57 h:78 b:2.266
ts:2023-12-14T13:30:21+01:00 t:16.54 h:78 b:2.298
ts:2023-12-14T14:00:25+01:00 t:16.58 h:78 b:2.270
ts:2023-12-14T14:30:22+01:00 t:16.56 h:78 b:2.270
ts:2023-12-14T15:00:28+01:00 t:16.55 h:78 b:2.268
ts:2023-12-14T15:30:28+01:00 t:16.57 h:78 b:2.268
ts:2023-12-14T16:00:23+01:00 t:16.53 h:78 b:2.267
ts:2023-12-14T16:30:27+01:00 t:16.47 h:78 b:2.267
ts:2023-12-14T17:00:26+01:00 t:16.50 h:78 b:2.267
ts:2023-12-14T17:30:25+01:00 t:16.49 h:78 b:2.267
ts:2023-12-14T18:00:24+01:00 t:16.42 h:78 b:2.297
ts:2023-12-14T18:30:24+01:00 t:16.43 h:78 b:2.297
ts:2023-12-14T19:00:27+01:00 t:16.44 h:78 b:2.267
ts:2023-12-14T19:30:26+01:00 t:16.44 h:78 b:2.267
ts:2023-12-14T20:00:28+01:00 t:16.40 h:78 b:2.267
ts:2023-12-14T20:30:24+01:00 t:16.40 h:78 b:2.267
ts:2023-12-14T21:00:25+01:00 t:16.38 h:78 b:2.265
ts:2023-12-14T21:30:27+01:00 t:16.40 h:78 b:2.265
ts:2023-12-14T22:00:26+01:00 t:16.38 h:78 b:2.267
ts:2023-12-14T22:30:26+01:00 t:16.41 h:78 b:2.267
ts:2023-12-14T23:00:24+01:00 t:16.38 h:78 b:2.269
ts:2023-12-14T23:30:23+01:00 t:16.38 h:78 b:2.269
ts:2023-12-15T00:00:32+01:00 t:16.37 h:78 b:2.300
ts:2023-12-15T00:30:32+01:00 t:16.37 h:78 b:2.300
ts:2023-12-15T01:00:24+01:00 t:16.38 h:78 b:2.268
ts:2023-12-15T01:30:27+01:00 t:16.40 h:78 b:2.268
ts:2023-12-15T02:00:32+01:00 t:16.37 h:78 b:2.364
ts:2023-12-15T02:30:29+01:00 t:16.38 h:78 b:2.364
ts:2023-12-15T03:00:22+01:00 t:16.38 h:78 b:2.270
ts:2023-12-15T03:30:26+01:00 t:16.38 h:78 b:2.270
ts:2023-12-15T04:00:26+01:00 t:16.39 h:78 b:2.268
ts:2023-12-15T04:30:31+01:00 t:16.34 h:78 b:2.268
ts:2023-12-15T05:00:28+01:00 t:16.37 h:78 b:2.300
ts:2023-12-15T05:30:23+01:00 t:16.34 h:78 b:2.300
ts:2023-12-15T06:00:24+01:00 t:16.34 h:78 b:2.270
ts:2023-12-15T06:30:24+01:00 t:16.34 h:78 b:2.270
ts:2023-12-15T07:00:23+01:00 t:16.35 h:78 b:2.270
ts:2023-12-15T07:30:24+01:00 t:16.35 h:78 b:2.270
ts:2023-12-15T08:00:20+01:00 t:16.33 h:78 b:2.268
ts:2023-12-15T08:30:22+01:00 t:16.37 h:78 b:2.268
ts:2023-12-15T09:00:27+01:00 t:16.43 h:78 b:2.366
ts:2023-12-15T09:30:26+01:00 t:16.53 h:78 b:2.366
ts:2023-12-15T10:00:22+01:00 t:16.54 h:77 b:2.269
ts:2023-12-15T11:00:22+01:00 t:15.15 h:58 b:2.275
ts:2023-12-15T11:30:31+01:00 t:14.90 h:58 b:2.275
ts:2023-12-15T12:00:29+01:00 t:14.88 h:55 b:2.282
ts:2024-01-09T22:35:33+01:00 t:22.13 h:58 b:2.618 fi
ts:2024-01-09T22:47:30+01:00 t: h:74 b:2.814
ts:2024-01-09T22:47:30+01:00 t: h:74 b:2.814 fi
ts:2024-01-09T22:48:11+01:00 t: h:74 b:2.814
ts:2024-01-09T22:52:49+01:00 t:-0.08 h:73 b:2.814
ts:2024-01-09T23:01:20+01:00 t:-0.14 h:75 b:2.814
ts:2024-01-10T00:39:08+01:00 t:-0.40 h:73 b:2.808
ts:2024-01-10T01:00:25+01:00 t:-0.41 h:74 b:2.799
ts:2024-01-10T01:30:22+01:00 t:-0.50 h:75 b:2.799
ts:2024-01-10T02:00:23+01:00 t:-0.54 h:74 b:2.795
ts:2024-01-10T03:00:23+01:00 t:-0.66 h:76 b:2.788
ts:2024-01-10T04:00:24+01:00 t:-0.62 h:76 b:2.596
ts:2024-01-10T05:00:33+01:00 t:-0.60 h:75 b:2.543
ts:2024-01-10T05:30:25+01:00 t:-0.70 h:74 b:2.543
ts:2024-01-10T06:00:30+01:00 t:-0.65 h:73 b:2.681
ts:2024-01-10T08:00:20+01:00 t:-0.27 h:70 b:2.485
ts:2024-01-10T08:30:25+01:00 t:-0.05 h:69 b:2.485
ts:2024-01-10T08:55:38+01:00 t:1.51 h:64 b:2.623
ts:2024-01-10T09:00:15+01:00 t:1.44 h:62 b:2.623
ts:2024-01-10T09:30:22+01:00 t:1.94 h:59 b:2.623
ts:2024-01-10T10:00:28+01:00 t:2.30 h:57 b:2.650
ts:2024-01-10T10:30:26+01:00 t:2.59 h:57 b:2.650
ts:2024-01-10T11:00:20+01:00 t:3.12 h:55 b:2.674
ts:2024-01-10T11:30:26+01:00 t:3.44 h:54 b:2.674
ts:2024-01-10T12:00:26+01:00 t:3.68 h:53 b:2.691
ts:2024-01-10T12:30:23+01:00 t:4.03 h:52 b:2.691
ts:2024-01-10T13:00:27+01:00 t:4.05 h:51 b:2.716
ts:2024-01-10T13:30:27+01:00 t:4.25 h:51 b:2.732
ts:2024-01-10T14:00:19+01:00 t:4.13 h:52 b:2.732
ts:2024-01-10T14:30:20+01:00 t:3.90 h:53 b:2.725
ts:2024-01-10T15:00:26+01:00 t:3.83 h:52 b:2.725
ts:2024-01-10T15:30:26+01:00 t:3.64 h:52 b:2.719
ts:2024-01-10T16:00:17+01:00 t:3.36 h:52 b:2.719
ts:2024-01-10T16:30:25+01:00 t:3.04 h:52 b:2.713
ts:2024-01-10T17:00:22+01:00 t:2.86 h:52 b:2.713
ts:2024-01-10T17:30:28+01:00 t:1.61 h:57 b:2.601
ts:2024-01-10T18:00:32+01:00 t:1.17 h:58 b:2.601
ts:2024-01-10T18:30:30+01:00 t:1.19 h:57 b:2.648
ts:2024-01-10T19:00:18+01:00 t:1.02 h:57 b:2.648
ts:2024-01-10T19:30:17+01:00 t:0.93 h:58 b:2.586
ts:2024-01-10T20:00:28+01:00 t:0.86 h:60 b:2.586
ts:2024-01-10T20:30:25+01:00 t:0.70 h:61 b:2.580
ts:2024-01-10T21:30:28+01:00 t:0.66 h:62 b:2.604
ts:2024-01-10T22:00:16+01:00 t:0.69 h:62 b:2.604
ts:2024-01-10T23:00:23+01:00 t:0.72 h:59 b:2.608
ts:2024-01-10T23:30:29+01:00 t:0.75 h:57 b:2.564
ts:2024-01-11T00:00:21+01:00 t:0.89 h:55 b:2.564
ts:2024-01-11T00:30:32+01:00 t:0.89 h:54 b:2.581
ts:2024-01-11T01:00:25+01:00 t:0.82 h:52 b:2.581
ts:2024-01-11T01:30:25+01:00 t:0.90 h:51 b:2.587
ts:2024-01-11T02:30:32+01:00 t:1.38 h:48 b:2.440
ts:2024-01-11T03:00:32+01:00 t:1.27 h:48 b:2.440
ts:2024-01-11T03:30:30+01:00 t:1.36 h:47 b:2.576
ts:2024-01-11T04:00:19+01:00 t:1.26 h:46 b:2.576
